C51 COMPILER V9.53.0.0   INTERRUPTS                                                        04/04/2018 11:39:45 PAGE 1   


C51 COMPILER V9.53.0.0, COMPILATION OF MODULE INTERRUPTS
OBJECT MODULE PLACED IN .\lib\efm8\src\Interrupts.OBJ
COMPILER INVOKED BY: c:\SiliconLabs\SimplicityStudio\v4\developer\toolchains\keil_8051\9.53\BIN\C51.exe D:\Projects\code
                    -\efm8\efm8Template\lib\efm8\src\Interrupts.c OMF2 SMALL DEBUG OBJECTEXTEND ROM(LARGE) WARNINGLEVEL(2) FLOATFUZZY(3) OPTI
                    -MIZE(8,SPEED) DEFINE(DEBUG=1) INTVECTOR(0X0000) INTPROMOTE INCDIR(D:\Projects\code\efm8\efm8Template\inc;D:\Projects\cod
                    -e\efm8\efm8Template\lib\efm8\inc;C:/SiliconLabs/SimplicityStudio/v4/developer/sdks/8051/v4.1.0//Device/shared/si8051base
                    -;C:/SiliconLabs/SimplicityStudio/v4/developer/sdks/8051/v4.1.0//Device/EFM8BB2/inc;C:/SiliconLabs/SimplicityStudio/v4/de
                    -veloper/sdks/8051/v4.1.0//Device/EFM8BB2/peripheral_driver/inc) PRINT(.\lib\efm8\src\Interrupts.lst) COND PAGEWIDTH(120)
                    - PAGELENGTH(65) OBJECT(.\lib\efm8\src\Interrupts.OBJ)

line level    source

   1          //=========================================================
   2          // src/Interrupts.c: generated by Hardware Configurator
   3          //
   4          // This file will be regenerated when saving a document.
   5          // leave the sections inside the "$[...]" comment tags alone
   6          // or they will be overwritten!
   7          //=========================================================
   8          
   9          // USER INCLUDES
  10          #include <SI_EFM8BB2_Register_Enums.h>
  11          
  12          //-----------------------------------------------------------------------------
  13          // TIMER0_ISR
  14          //-----------------------------------------------------------------------------
  15          //
  16          // TIMER0 ISR Content goes here. Remember to clear flag bits:
  17          // TCON::TF0 (Timer 0 Overflow Flag)
  18          //
  19          //-----------------------------------------------------------------------------
  20          SI_INTERRUPT (TIMER0_ISR, TIMER0_IRQn)
  21          {
  22   1      
  23   1      }
  24          


MODULE INFORMATION:   STATIC OVERLAYABLE
   CODE SIZE        =      4    ----
   CONSTANT SIZE    =   ----    ----
   XDATA SIZE       =   ----    ----
   PDATA SIZE       =   ----    ----
   DATA SIZE        =   ----    ----
   IDATA SIZE       =   ----    ----
   BIT SIZE         =   ----    ----
   EDATA SIZE       =   ----    ----
   HDATA SIZE       =   ----    ----
   XDATA CONST SIZE =   ----    ----
   FAR CONST SIZE   =   ----    ----
END OF MODULE INFORMATION.


C51 COMPILATION COMPLETE.  0 WARNING(S),  0 ERROR(S)
