C51 COMPILER V9.53.0.0   INTERRUPTS                                                        04/04/2018 11:06:26 PAGE 1   


C51 COMPILER V9.53.0.0, COMPILATION OF MODULE INTERRUPTS
OBJECT MODULE PLACED IN .\src\main\Interrupts.OBJ
COMPILER INVOKED BY: c:\SiliconLabs\SimplicityStudio\v4\developer\toolchains\keil_8051\9.53\BIN\C51.exe D:\Projects\code
                    -\efm8\efm8Template\src\main\Interrupts.c OMF2 SMALL DEBUG OBJECTEXTEND ROM(LARGE) WARNINGLEVEL(2) FLOATFUZZY(3) OPTIMIZE
                    -(8,SPEED) DEFINE(DEBUG=1) INTVECTOR(0X0000) INTPROMOTE INCDIR(D:\Projects\code\efm8\efm8Template\inc;C:/SiliconLabs/Simp
                    -licityStudio/v4/developer/sdks/8051/v4.1.0//Device/EFM8BB2/peripheral_driver/inc;C:/SiliconLabs/SimplicityStudio/v4/deve
                    -loper/sdks/8051/v4.1.0//Device/shared/si8051base;C:/SiliconLabs/SimplicityStudio/v4/developer/sdks/8051/v4.1.0//Device/E
                    -FM8BB2/inc;D:\Projects\code\efm8\efm8Template\src\inc) PRINT(.\src\main\Interrupts.lst) COND PAGEWIDTH(120) PAGELENGTH(6
                    -5) OBJECT(.\src\main\Interrupts.OBJ)

line level    source

   1          //=========================================================
   2          // src/Interrupts.c: generated by Hardware Configurator
   3          //
   4          // This file will be regenerated when saving a document.
   5          // leave the sections inside the "$[...]" comment tags alone
   6          // or they will be overwritten!
   7          //=========================================================
   8          
   9          // USER INCLUDES
  10          #include <SI_EFM8BB2_Register_Enums.h>
  11          
  12          //-----------------------------------------------------------------------------
  13          // TIMER0_ISR
  14          //-----------------------------------------------------------------------------
  15          //
  16          // TIMER0 ISR Content goes here. Remember to clear flag bits:
  17          // TCON::TF0 (Timer 0 Overflow Flag)
  18          //
  19          //-----------------------------------------------------------------------------
  20          SI_INTERRUPT (TIMER0_ISR, TIMER0_IRQn)
  21          {
  22   1      
  23   1      }
  24          


MODULE INFORMATION:   STATIC OVERLAYABLE
   CODE SIZE        =      4    ----
   CONSTANT SIZE    =   ----    ----
   XDATA SIZE       =   ----    ----
   PDATA SIZE       =   ----    ----
   DATA SIZE        =   ----    ----
   IDATA SIZE       =   ----    ----
   BIT SIZE         =   ----    ----
   EDATA SIZE       =   ----    ----
   HDATA SIZE       =   ----    ----
   XDATA CONST SIZE =   ----    ----
   FAR CONST SIZE   =   ----    ----
END OF MODULE INFORMATION.


C51 COMPILATION COMPLETE.  0 WARNING(S),  0 ERROR(S)
